Performing C SOURCE FILE Test CMAKE_HAVE_LIBC_PTHREAD failed with the following output:
Change Dir: /home/yuan/catkin_ws/src/path_tracking/build/CMakeFiles/CMakeTmp

Run Build Command(s):/usr/bin/ninja cmTC_1b128 && [1/2] Building C object CMakeFiles/cmTC_1b128.dir/src.c.o
[2/2] Linking C executable cmTC_1b128
FAILED: cmTC_1b128 
: && /usr/bin/gcc -DCMAKE_HAVE_LIBC_PTHREAD  -rdynamic CMakeFiles/cmTC_1b128.dir/src.c.o  -o cmTC_1b128   && :
/usr/bin/ld: CMakeFiles/cmTC_1b128.dir/src.c.o: in function `main':
src.c:(.text+0x46): undefined reference to `pthread_create'
/usr/bin/ld: src.c:(.text+0x52): undefined reference to `pthread_detach'
/usr/bin/ld: src.c:(.text+0x63): undefined reference to `pthread_join'
collect2: error: ld returned 1 exit status
ninja: build stopped: subcommand failed.


Source file was:
#include <pthread.h>

void* test_func(void* data)
{
  return data;
}

int main(void)
{
  pthread_t thread;
  pthread_create(&thread, NULL, test_func, NULL);
  pthread_detach(thread);
  pthread_join(thread, NULL);
  pthread_atfork(NULL, NULL, NULL);
  pthread_exit(NULL);

  return 0;
}

Determining if the function pthread_create exists in the pthreads failed with the following output:
Change Dir: /home/yuan/catkin_ws/src/path_tracking/build/CMakeFiles/CMakeTmp

Run Build Command(s):/usr/bin/ninja cmTC_03cdf && [1/2] Building C object CMakeFiles/cmTC_03cdf.dir/CheckFunctionExists.c.o
[2/2] Linking C executable cmTC_03cdf
FAILED: cmTC_03cdf 
: && /usr/bin/gcc -DCHECK_FUNCTION_EXISTS=pthread_create  -rdynamic CMakeFiles/cmTC_03cdf.dir/CheckFunctionExists.c.o  -o cmTC_03cdf  -lpthreads && :
/usr/bin/ld: 找不到 -lpthreads
collect2: error: ld returned 1 exit status
ninja: build stopped: subcommand failed.



